[24-Jul-2019 18:26:38 UTC] PHP Parse error:  syntax error, unexpected ',', expecting variable (T_VARIABLE) in /app/public/wp-content/themes/unitheme/index.php on line 2
[24-Jul-2019 18:26:51 UTC] PHP Warning:  Use of undefined constant John - assumed 'John' (this will throw an Error in a future version of PHP) in /app/public/wp-content/themes/unitheme/index.php on line 5
[24-Jul-2019 18:26:51 UTC] PHP Warning:  Use of undefined constant blue - assumed 'blue' (this will throw an Error in a future version of PHP) in /app/public/wp-content/themes/unitheme/index.php on line 5
[24-Jul-2019 18:26:51 UTC] PHP Warning:  Use of undefined constant Jane - assumed 'Jane' (this will throw an Error in a future version of PHP) in /app/public/wp-content/themes/unitheme/index.php on line 6
[24-Jul-2019 18:26:51 UTC] PHP Warning:  Use of undefined constant green - assumed 'green' (this will throw an Error in a future version of PHP) in /app/public/wp-content/themes/unitheme/index.php on line 6
[24-Jul-2019 18:39:43 UTC] PHP Parse error:  syntax error, unexpected 'while' (T_WHILE) in /app/public/wp-content/themes/unitheme/index.php on line 6
[24-Jul-2019 18:39:57 UTC] PHP Parse error:  syntax error, unexpected '<' in /app/public/wp-content/themes/unitheme/index.php on line 7
[24-Jul-2019 19:45:56 UTC] PHP Fatal error:  Uncaught Error: Call to undefined function getheader() in /app/public/wp-content/themes/unitheme/index.php:1
Stack trace:
#0 /app/public/wp-includes/template-loader.php(78): include()
#1 /app/public/wp-blog-header.php(19): require_once('/app/public/wp-...')
#2 /app/public/index.php(17): require('/app/public/wp-...')
#3 {main}
  thrown in /app/public/wp-content/themes/unitheme/index.php on line 1
[24-Jul-2019 19:54:42 UTC] PHP Fatal error:  Uncaught ArgumentCountError: Too few arguments to function add_action(), 0 passed in /app/public/wp-content/themes/unitheme/functions.php on line 2 and at least 2 expected in /app/public/wp-includes/plugin.php:405
Stack trace:
#0 /app/public/wp-content/themes/unitheme/functions.php(2): add_action()
#1 /app/public/wp-settings.php(499): include('/app/public/wp-...')
#2 /app/public/wp-config.php(76): require_once('/app/public/wp-...')
#3 /app/public/wp-load.php(37): require_once('/app/public/wp-...')
#4 /app/public/wp-admin/admin-ajax.php(22): require_once('/app/public/wp-...')
#5 {main}
  thrown in /app/public/wp-includes/plugin.php on line 405
[24-Jul-2019 19:56:43 UTC] PHP Fatal error:  Uncaught ArgumentCountError: Too few arguments to function add_action(), 0 passed in /app/public/wp-content/themes/unitheme/functions.php on line 2 and at least 2 expected in /app/public/wp-includes/plugin.php:405
Stack trace:
#0 /app/public/wp-content/themes/unitheme/functions.php(2): add_action()
#1 /app/public/wp-settings.php(499): include('/app/public/wp-...')
#2 /app/public/wp-config.php(76): require_once('/app/public/wp-...')
#3 /app/public/wp-load.php(37): require_once('/app/public/wp-...')
#4 /app/public/wp-admin/admin-ajax.php(22): require_once('/app/public/wp-...')
#5 {main}
  thrown in /app/public/wp-includes/plugin.php on line 405
[24-Jul-2019 19:58:50 UTC] PHP Fatal error:  Uncaught ArgumentCountError: Too few arguments to function add_action(), 0 passed in /app/public/wp-content/themes/unitheme/functions.php on line 2 and at least 2 expected in /app/public/wp-includes/plugin.php:405
Stack trace:
#0 /app/public/wp-content/themes/unitheme/functions.php(2): add_action()
#1 /app/public/wp-settings.php(499): include('/app/public/wp-...')
#2 /app/public/wp-config.php(76): require_once('/app/public/wp-...')
#3 /app/public/wp-load.php(37): require_once('/app/public/wp-...')
#4 /app/public/wp-admin/admin-ajax.php(22): require_once('/app/public/wp-...')
#5 {main}
  thrown in /app/public/wp-includes/plugin.php on line 405
[24-Jul-2019 20:00:50 UTC] PHP Fatal error:  Uncaught ArgumentCountError: Too few arguments to function add_action(), 0 passed in /app/public/wp-content/themes/unitheme/functions.php on line 2 and at least 2 expected in /app/public/wp-includes/plugin.php:405
Stack trace:
#0 /app/public/wp-content/themes/unitheme/functions.php(2): add_action()
#1 /app/public/wp-settings.php(499): include('/app/public/wp-...')
#2 /app/public/wp-config.php(76): require_once('/app/public/wp-...')
#3 /app/public/wp-load.php(37): require_once('/app/public/wp-...')
#4 /app/public/wp-admin/admin-ajax.php(22): require_once('/app/public/wp-...')
#5 {main}
  thrown in /app/public/wp-includes/plugin.php on line 405
[26-Jul-2019 14:59:59 UTC] PHP Warning:  count(): Parameter must be an array or an object that implements Countable in /app/public/wp-includes/post-template.php on line 310
[26-Jul-2019 15:00:20 UTC] PHP Warning:  count(): Parameter must be an array or an object that implements Countable in /app/public/wp-includes/post-template.php on line 310
[26-Jul-2019 15:03:03 UTC] PHP Parse error:  syntax error, unexpected '}', expecting end of file in /app/public/wp-content/themes/unitheme/page.php on line 33
[26-Jul-2019 15:11:58 UTC] PHP Warning:  call_user_func_array() expects parameter 1 to be a valid callback, function 'university_features' not found or invalid function name in /app/public/wp-includes/class-wp-hook.php on line 286
[26-Jul-2019 17:31:35 UTC] PHP Parse error:  syntax error, unexpected 'if' (T_IF) in /app/public/wp-content/themes/unitheme/page.php on line 22
[26-Jul-2019 17:55:26 UTC] PHP Parse error:  syntax error, unexpected ';', expecting ')' in /app/public/wp-content/themes/unitheme/page.php on line 30
[26-Jul-2019 19:35:45 UTC] PHP Warning:  Use of undefined constant get_header - assumed 'get_header' (this will throw an Error in a future version of PHP) in /app/public/wp-content/themes/unitheme/index.php on line 3
[26-Jul-2019 19:35:55 UTC] PHP Warning:  Use of undefined constant get_header - assumed 'get_header' (this will throw an Error in a future version of PHP) in /app/public/wp-content/themes/unitheme/index.php on line 3
[26-Jul-2019 19:43:23 UTC] PHP Fatal error:  Uncaught Error: Call to undefined function the_exerpt() in /app/public/wp-content/themes/unitheme/index.php:26
Stack trace:
#0 /app/public/wp-includes/template-loader.php(78): include()
#1 /app/public/wp-blog-header.php(19): require_once('/app/public/wp-...')
#2 /app/public/index.php(17): require('/app/public/wp-...')
#3 {main}
  thrown in /app/public/wp-content/themes/unitheme/index.php on line 26
[29-Jul-2019 14:29:54 UTC] PHP Fatal error:  Uncaught Error: Call to undefined function is_authro() in /app/public/wp-content/themes/unitheme/archive.php:11
Stack trace:
#0 /app/public/wp-includes/template-loader.php(78): include()
#1 /app/public/wp-blog-header.php(19): require_once('/app/public/wp-...')
#2 /app/public/index.php(17): require('/app/public/wp-...')
#3 {main}
  thrown in /app/public/wp-content/themes/unitheme/archive.php on line 11
[29-Jul-2019 15:00:29 UTC] PHP Fatal error:  Uncaught Error: Call to undefined function the_posts() in /app/public/wp-content/themes/unitheme/front-page.php:48
Stack trace:
#0 /app/public/wp-includes/template-loader.php(78): include()
#1 /app/public/wp-blog-header.php(19): require_once('/app/public/wp-...')
#2 /app/public/index.php(17): require('/app/public/wp-...')
#3 {main}
  thrown in /app/public/wp-content/themes/unitheme/front-page.php on line 48
[29-Jul-2019 19:26:02 UTC] PHP Fatal error:  Uncaught Error: Call to undefined function add_adction() in /app/public/wp-content/themes/unitheme/functions.php:16
Stack trace:
#0 /app/public/wp-settings.php(499): include()
#1 /app/public/wp-config.php(76): require_once('/app/public/wp-...')
#2 /app/public/wp-load.php(37): require_once('/app/public/wp-...')
#3 /app/public/wp-blog-header.php(13): require_once('/app/public/wp-...')
#4 /app/public/index.php(17): require('/app/public/wp-...')
#5 {main}
  thrown in /app/public/wp-content/themes/unitheme/functions.php on line 16
[29-Jul-2019 19:26:17 UTC] PHP Fatal error:  Uncaught Error: Call to undefined function add_adction() in /app/public/wp-content/themes/unitheme/functions.php:16
Stack trace:
#0 /app/public/wp-settings.php(499): include()
#1 /app/public/wp-config.php(76): require_once('/app/public/wp-...')
#2 /app/public/wp-load.php(37): require_once('/app/public/wp-...')
#3 /app/public/wp-admin/admin-ajax.php(22): require_once('/app/public/wp-...')
#4 {main}
  thrown in /app/public/wp-content/themes/unitheme/functions.php on line 16
[29-Jul-2019 19:27:37 UTC] PHP Fatal error:  Uncaught Error: Call to undefined function add_adction() in /app/public/wp-content/themes/unitheme/functions.php:22
Stack trace:
#0 /app/public/wp-settings.php(499): include()
#1 /app/public/wp-config.php(76): require_once('/app/public/wp-...')
#2 /app/public/wp-load.php(37): require_once('/app/public/wp-...')
#3 /app/public/wp-admin/admin-ajax.php(22): require_once('/app/public/wp-...')
#4 {main}
  thrown in /app/public/wp-content/themes/unitheme/functions.php on line 22
[29-Jul-2019 19:27:41 UTC] PHP Fatal error:  Uncaught Error: Call to undefined function add_adction() in /app/public/wp-content/themes/unitheme/functions.php:22
Stack trace:
#0 /app/public/wp-settings.php(499): include()
#1 /app/public/wp-config.php(76): require_once('/app/public/wp-...')
#2 /app/public/wp-load.php(37): require_once('/app/public/wp-...')
#3 /app/public/wp-blog-header.php(13): require_once('/app/public/wp-...')
#4 /app/public/index.php(17): require('/app/public/wp-...')
#5 {main}
  thrown in /app/public/wp-content/themes/unitheme/functions.php on line 22
[29-Jul-2019 19:27:42 UTC] PHP Fatal error:  Uncaught Error: Call to undefined function add_adction() in /app/public/wp-content/themes/unitheme/functions.php:22
Stack trace:
#0 /app/public/wp-settings.php(499): include()
#1 /app/public/wp-config.php(76): require_once('/app/public/wp-...')
#2 /app/public/wp-load.php(37): require_once('/app/public/wp-...')
#3 /app/public/wp-blog-header.php(13): require_once('/app/public/wp-...')
#4 /app/public/index.php(17): require('/app/public/wp-...')
#5 {main}
  thrown in /app/public/wp-content/themes/unitheme/functions.php on line 22
[29-Jul-2019 20:03:55 UTC] PHP Fatal error:  Uncaught Error: Call to a member function have_posts() on null in /app/public/wp-content/themes/unitheme/front-page.php:24
Stack trace:
#0 /app/public/wp-includes/template-loader.php(78): include()
#1 /app/public/wp-blog-header.php(19): require_once('/app/public/wp-...')
#2 /app/public/index.php(17): require('/app/public/wp-...')
#3 {main}
  thrown in /app/public/wp-content/themes/unitheme/front-page.php on line 24
[29-Jul-2019 20:55:52 UTC] PHP Parse error:  syntax error, unexpected 'Events' (T_STRING) in /app/public/wp-content/themes/unitheme/archive-event.php on line 8
[29-Jul-2019 21:37:32 UTC] PHP Fatal error:  Uncaught Exception: DateTime::__construct(): Failed to parse time string (20/07/2019) at position 0 (2): Unexpected character in /app/public/wp-content/themes/unitheme/front-page.php:29
Stack trace:
#0 /app/public/wp-content/themes/unitheme/front-page.php(29): DateTime->__construct('20/07/2019')
#1 /app/public/wp-includes/template-loader.php(78): include('/app/public/wp-...')
#2 /app/public/wp-blog-header.php(19): require_once('/app/public/wp-...')
#3 /app/public/index.php(17): require('/app/public/wp-...')
#4 {main}
  thrown in /app/public/wp-content/themes/unitheme/front-page.php on line 29
[29-Jul-2019 21:41:02 UTC] PHP Fatal error:  Uncaught Exception: DateTime::__construct(): Failed to parse time string (20/07/2019) at position 0 (2): Unexpected character in /app/public/wp-content/themes/unitheme/front-page.php:29
Stack trace:
#0 /app/public/wp-content/themes/unitheme/front-page.php(29): DateTime->__construct('20/07/2019')
#1 /app/public/wp-includes/template-loader.php(78): include('/app/public/wp-...')
#2 /app/public/wp-blog-header.php(19): require_once('/app/public/wp-...')
#3 /app/public/index.php(17): require('/app/public/wp-...')
#4 {main}
  thrown in /app/public/wp-content/themes/unitheme/front-page.php on line 29
[29-Jul-2019 21:41:03 UTC] PHP Fatal error:  Uncaught Exception: DateTime::__construct(): Failed to parse time string (20/07/2019) at position 0 (2): Unexpected character in /app/public/wp-content/themes/unitheme/front-page.php:29
Stack trace:
#0 /app/public/wp-content/themes/unitheme/front-page.php(29): DateTime->__construct('20/07/2019')
#1 /app/public/wp-includes/template-loader.php(78): include('/app/public/wp-...')
#2 /app/public/wp-blog-header.php(19): require_once('/app/public/wp-...')
#3 /app/public/index.php(17): require('/app/public/wp-...')
#4 {main}
  thrown in /app/public/wp-content/themes/unitheme/front-page.php on line 29
[30-Jul-2019 21:10:29 UTC] PHP Parse error:  syntax error, unexpected ',' in /app/public/wp-content/themes/unitheme/front-page.php on line 29
[30-Jul-2019 21:10:58 UTC] PHP Fatal error:  Uncaught Error: Call to undefined function data() in /app/public/wp-content/themes/unitheme/front-page.php:19
Stack trace:
#0 /app/public/wp-includes/template-loader.php(78): include()
#1 /app/public/wp-blog-header.php(19): require_once('/app/public/wp-...')
#2 /app/public/index.php(17): require('/app/public/wp-...')
#3 {main}
  thrown in /app/public/wp-content/themes/unitheme/front-page.php on line 19
[30-Jul-2019 21:23:38 UTC] PHP Fatal error:  Uncaught Error: Call to undefined function is_post_type() in /app/public/wp-content/themes/unitheme/functions.php:17
Stack trace:
#0 /app/public/wp-includes/class-wp-hook.php(286): university_adjust_queries(Object(WP_Query))
#1 /app/public/wp-includes/class-wp-hook.php(310): WP_Hook->apply_filters('', Array)
#2 /app/public/wp-includes/plugin.php(531): WP_Hook->do_action(Array)
#3 /app/public/wp-includes/class-wp-query.php(1753): do_action_ref_array('pre_get_posts', Array)
#4 /app/public/wp-includes/class-wp-query.php(3404): WP_Query->get_posts()
#5 /app/public/wp-includes/class-wp.php(622): WP_Query->query(Array)
#6 /app/public/wp-includes/class-wp.php(739): WP->query_posts()
#7 /app/public/wp-includes/functions.php(1105): WP->main('')
#8 /app/public/wp-blog-header.php(16): wp()
#9 /app/public/index.php(17): require('/app/public/wp-...')
#10 {main}
  thrown in /app/public/wp-content/themes/unitheme/functions.php on line 17
[30-Jul-2019 21:40:03 UTC] PHP Fatal error:  Uncaught Error: Call to undefined function WP_Query() in /app/public/wp-content/themes/unitheme/page-past-events.php:18
Stack trace:
#0 /app/public/wp-includes/template-loader.php(78): include()
#1 /app/public/wp-blog-header.php(19): require_once('/app/public/wp-...')
#2 /app/public/index.php(17): require('/app/public/wp-...')
#3 {main}
  thrown in /app/public/wp-content/themes/unitheme/page-past-events.php on line 18
[30-Jul-2019 21:42:04 UTC] PHP Parse error:  syntax error, unexpected 'while' (T_WHILE) in /app/public/wp-content/themes/unitheme/page-past-events.php on line 33
[30-Jul-2019 21:43:56 UTC] PHP Parse error:  syntax error, unexpected ''post_type'' (T_CONSTANT_ENCAPSED_STRING), expecting ')' in /app/public/wp-content/themes/unitheme/page-past-events.php on line 21
[30-Jul-2019 22:14:16 UTC] PHP Fatal error:  Cannot redeclare university_post_types() (previously declared in /app/public/wp-content/mu-plugins/university-post-types.php:5) in /app/public/wp-content/mu-plugins/university-post-types.php on line 37
[30-Jul-2019 22:14:17 UTC] PHP Fatal error:  Cannot redeclare university_post_types() (previously declared in /app/public/wp-content/mu-plugins/university-post-types.php:5) in /app/public/wp-content/mu-plugins/university-post-types.php on line 37
[30-Jul-2019 22:14:17 UTC] PHP Fatal error:  Cannot redeclare university_post_types() (previously declared in /app/public/wp-content/mu-plugins/university-post-types.php:5) in /app/public/wp-content/mu-plugins/university-post-types.php on line 37
[30-Jul-2019 22:35:54 UTC] PHP Fatal error:  Uncaught Error: Call to undefined function the_tite() in /app/public/wp-content/themes/unitheme/archive-program.php:20
Stack trace:
#0 /app/public/wp-includes/template-loader.php(78): include()
#1 /app/public/wp-blog-header.php(19): require_once('/app/public/wp-...')
#2 /app/public/index.php(17): require('/app/public/wp-...')
#3 {main}
  thrown in /app/public/wp-content/themes/unitheme/archive-program.php on line 20
[30-Jul-2019 22:52:56 UTC] PHP Parse error:  syntax error, unexpected '}' in /app/public/wp-content/themes/unitheme/single-event.php on line 30
[30-Jul-2019 23:00:12 UTC] PHP Warning:  Invalid argument supplied for foreach() in /app/public/wp-content/themes/unitheme/single-event.php on line 31
[31-Jul-2019 13:31:41 UTC] PHP Parse error:  syntax error, unexpected 'while' (T_WHILE), expecting ',' or ';' in /app/public/wp-content/themes/unitheme/single-program.php on line 50
[31-Jul-2019 13:33:02 UTC] PHP Parse error:  syntax error, unexpected 'echo' (T_ECHO), expecting ',' or ';' in /app/public/wp-content/themes/unitheme/single-program.php on line 49
[31-Jul-2019 13:33:02 UTC] PHP Parse error:  syntax error, unexpected 'echo' (T_ECHO), expecting ',' or ';' in /app/public/wp-content/themes/unitheme/single-program.php on line 49
[31-Jul-2019 13:42:47 UTC] PHP Parse error:  syntax error, unexpected '}', expecting end of file in /app/public/wp-content/mu-plugins/university-post-types.php on line 52
[31-Jul-2019 13:44:48 UTC] PHP Parse error:  syntax error, unexpected '}', expecting end of file in /app/public/wp-content/mu-plugins/university-post-types.php on line 50
[31-Jul-2019 13:44:59 UTC] PHP Parse error:  syntax error, unexpected '}', expecting end of file in /app/public/wp-content/mu-plugins/university-post-types.php on line 50
[31-Jul-2019 13:44:59 UTC] PHP Parse error:  syntax error, unexpected '}', expecting end of file in /app/public/wp-content/mu-plugins/university-post-types.php on line 50
[31-Jul-2019 14:07:00 UTC] PHP Parse error:  syntax error, unexpected '}' in /app/public/wp-content/themes/unitheme/functions.php on line 14
[31-Jul-2019 17:55:00 UTC] PHP Parse error:  syntax error, unexpected ';' in /app/public/wp-content/themes/unitheme/page.php on line 8
[31-Jul-2019 18:15:27 UTC] PHP Parse error:  syntax error, unexpected '}' in /app/public/wp-content/themes/unitheme/functions.php on line 16
[31-Jul-2019 18:17:01 UTC] PHP Parse error:  syntax error, unexpected '}' in /app/public/wp-content/themes/unitheme/functions.php on line 16
[31-Jul-2019 18:18:59 UTC] PHP Fatal error:  Uncaught ArgumentCountError: Too few arguments to function pageBanner(), 0 passed in /app/public/wp-content/themes/unitheme/page.php on line 7 and exactly 1 expected in /app/public/wp-content/themes/unitheme/functions.php:3
Stack trace:
#0 /app/public/wp-content/themes/unitheme/page.php(7): pageBanner()
#1 /app/public/wp-includes/template-loader.php(78): include('/app/public/wp-...')
#2 /app/public/wp-blog-header.php(19): require_once('/app/public/wp-...')
#3 /app/public/index.php(17): require('/app/public/wp-...')
#4 {main}
  thrown in /app/public/wp-content/themes/unitheme/functions.php on line 3
[31-Jul-2019 18:19:12 UTC] PHP Parse error:  syntax error, unexpected '*', expecting variable (T_VARIABLE) in /app/public/wp-content/themes/unitheme/functions.php on line 3
[31-Jul-2019 19:09:16 UTC] PHP Parse error:  syntax error, unexpected 'function' (T_FUNCTION) in /app/public/wp-content/themes/unitheme/functions.php on line 74
[31-Jul-2019 19:09:17 UTC] PHP Parse error:  syntax error, unexpected 'function' (T_FUNCTION) in /app/public/wp-content/themes/unitheme/functions.php on line 74
[31-Jul-2019 19:09:46 UTC] PHP Parse error:  syntax error, unexpected '}', expecting ';' in /app/public/wp-content/themes/unitheme/functions.php on line 77
[31-Jul-2019 19:09:47 UTC] PHP Parse error:  syntax error, unexpected '}', expecting ';' in /app/public/wp-content/themes/unitheme/functions.php on line 77
[31-Jul-2019 19:10:08 UTC] PHP Warning:  Use of undefined constant key - assumed 'key' (this will throw an Error in a future version of PHP) in /app/public/wp-content/themes/unitheme/functions.php on line 76
[31-Jul-2019 19:54:48 UTC] PHP Parse error:  syntax error, unexpected 'print_r' (T_STRING) in /app/public/wp-content/themes/unitheme/archive-campus.php on line 18
[31-Jul-2019 20:42:33 UTC] PHP Parse error:  syntax error, unexpected 'foreach' (T_FOREACH), expecting ',' or ';' in /app/public/wp-content/themes/unitheme/single-program.php on line 91
[31-Jul-2019 20:42:38 UTC] PHP Parse error:  syntax error, unexpected 'foreach' (T_FOREACH), expecting ',' or ';' in /app/public/wp-content/themes/unitheme/single-program.php on line 91
[31-Jul-2019 20:42:39 UTC] PHP Parse error:  syntax error, unexpected 'foreach' (T_FOREACH), expecting ',' or ';' in /app/public/wp-content/themes/unitheme/single-program.php on line 91
[31-Jul-2019 20:43:38 UTC] PHP Parse error:  syntax error, unexpected 'echo' (T_ECHO), expecting ',' or ';' in /app/public/wp-content/themes/unitheme/single-program.php on line 89
[31-Jul-2019 20:43:40 UTC] PHP Parse error:  syntax error, unexpected 'echo' (T_ECHO), expecting ',' or ';' in /app/public/wp-content/themes/unitheme/single-program.php on line 89
[01-Aug-2019 16:36:06 UTC] PHP Fatal error:  Uncaught Error: Call to undefined function wp_localise_script() in /app/public/wp-content/themes/unitheme/functions.php:37
Stack trace:
#0 /app/public/wp-includes/class-wp-hook.php(286): university_files('')
#1 /app/public/wp-includes/class-wp-hook.php(310): WP_Hook->apply_filters(NULL, Array)
#2 /app/public/wp-includes/plugin.php(465): WP_Hook->do_action(Array)
#3 /app/public/wp-includes/script-loader.php(2537): do_action('wp_enqueue_scri...')
#4 /app/public/wp-includes/class-wp-hook.php(286): wp_enqueue_scripts('')
#5 /app/public/wp-includes/class-wp-hook.php(310): WP_Hook->apply_filters(NULL, Array)
#6 /app/public/wp-includes/plugin.php(465): WP_Hook->do_action(Array)
#7 /app/public/wp-includes/general-template.php(2745): do_action('wp_head')
#8 /app/public/wp-content/themes/unitheme/header.php(6): wp_head()
#9 /app/public/wp-includes/template.php(722): require_once('/app/public/wp-...')
#10 /app/public/wp-includes/template.php(671): load_template('/app/public/wp-...', true)
#11 /app/public/wp-includes/gen in /app/public/wp-content/themes/unitheme/functions.php on line 37
[01-Aug-2019 20:29:00 UTC] PHP Parse error:  syntax error, unexpected '}', expecting ';' in /app/public/wp-content/themes/unitheme/inc/search-route.php on line 14
[01-Aug-2019 20:34:30 UTC] PHP Parse error:  syntax error, unexpected '=', expecting ')' in /app/public/wp-content/themes/unitheme/inc/search-route.php on line 14
[01-Aug-2019 20:39:22 UTC] PHP Parse error:  syntax error, unexpected ';', expecting ',' or ')' in /app/public/wp-content/themes/unitheme/inc/search-route.php on line 21
[01-Aug-2019 20:47:26 UTC] PHP Parse error:  syntax error, unexpected ';', expecting ')' in /app/public/wp-content/themes/unitheme/inc/search-route.php on line 15
[01-Aug-2019 20:50:59 UTC] PHP Parse error:  syntax error, unexpected 's' (T_STRING), expecting ')' in /app/public/wp-content/themes/unitheme/inc/search-route.php on line 15
[01-Aug-2019 20:59:19 UTC] PHP Parse error:  syntax error, unexpected ';' in /app/public/wp-content/themes/unitheme/inc/search-route.php on line 40
[01-Aug-2019 22:03:37 UTC] PHP Parse error:  syntax error, unexpected ';', expecting ')' in /app/public/wp-content/themes/unitheme/inc/search-route.php on line 90
[01-Aug-2019 22:05:11 UTC] PHP Parse error:  syntax error, unexpected ';', expecting ')' in /app/public/wp-content/themes/unitheme/inc/search-route.php on line 90
[01-Aug-2019 22:05:20 UTC] PHP Parse error:  syntax error, unexpected ';', expecting ')' in /app/public/wp-content/themes/unitheme/inc/search-route.php on line 90
[01-Aug-2019 22:06:11 UTC] PHP Parse error:  syntax error, unexpected ';', expecting ')' in /app/public/wp-content/themes/unitheme/inc/search-route.php on line 90
[01-Aug-2019 22:19:36 UTC] PHP Parse error:  syntax error, unexpected ';', expecting ')' in /app/public/wp-content/themes/unitheme/inc/search-route.php on line 90
[01-Aug-2019 22:19:37 UTC] PHP Parse error:  syntax error, unexpected ';', expecting ')' in /app/public/wp-content/themes/unitheme/inc/search-route.php on line 90
[01-Aug-2019 22:47:51 UTC] PHP Fatal error:  Uncaught Error: Call to undefined function main_body_content() in /app/public/wp-content/themes/unitheme/single-program.php:16
Stack trace:
#0 /app/public/wp-includes/template-loader.php(78): include()
#1 /app/public/wp-blog-header.php(19): require_once('/app/public/wp-...')
#2 /app/public/index.php(17): require('/app/public/wp-...')
#3 {main}
  thrown in /app/public/wp-content/themes/unitheme/single-program.php on line 16
[01-Aug-2019 22:54:48 UTC] PHP Parse error:  syntax error, unexpected ''meta_query'' (T_CONSTANT_ENCAPSED_STRING), expecting ')' in /app/public/wp-content/themes/unitheme/inc/search-route.php on line 90
[01-Aug-2019 23:06:00 UTC] PHP Parse error:  syntax error, unexpected '}' in /app/public/wp-content/themes/unitheme/inc/search-route.php on line 54
[01-Aug-2019 23:06:02 UTC] PHP Parse error:  syntax error, unexpected '}' in /app/public/wp-content/themes/unitheme/inc/search-route.php on line 54
[01-Aug-2019 23:06:02 UTC] PHP Parse error:  syntax error, unexpected '}' in /app/public/wp-content/themes/unitheme/inc/search-route.php on line 54
[01-Aug-2019 23:06:02 UTC] PHP Parse error:  syntax error, unexpected '}' in /app/public/wp-content/themes/unitheme/inc/search-route.php on line 54
[02-Aug-2019 13:06:31 UTC] PHP Parse error:  syntax error, unexpected 'echo' (T_ECHO) in /app/public/wp-content/themes/unitheme/page-search.php on line 46
[02-Aug-2019 14:57:08 UTC] PHP Parse error:  syntax error, unexpected ')' in /app/public/wp-content/themes/unitheme/functions.php on line 102
[02-Aug-2019 14:57:34 UTC] PHP Parse error:  syntax error, unexpected ')' in /app/public/wp-content/themes/unitheme/functions.php on line 102
[02-Aug-2019 15:01:29 UTC] PHP Fatal error:  Cannot redeclare redirectSubsToFrontend() (previously declared in /app/public/wp-content/themes/unitheme/functions.php:102) in /app/public/wp-content/themes/unitheme/functions.php on line 119
[02-Aug-2019 15:01:36 UTC] PHP Fatal error:  Cannot redeclare redirectSubsToFrontend() (previously declared in /app/public/wp-content/themes/unitheme/functions.php:102) in /app/public/wp-content/themes/unitheme/functions.php on line 119
[02-Aug-2019 15:01:42 UTC] PHP Fatal error:  Cannot redeclare redirectSubsToFrontend() (previously declared in /app/public/wp-content/themes/unitheme/functions.php:102) in /app/public/wp-content/themes/unitheme/functions.php on line 119
[02-Aug-2019 15:08:29 UTC] PHP Parse error:  syntax error, unexpected 'function' (T_FUNCTION) in /app/public/wp-content/themes/unitheme/functions.php on line 124
[02-Aug-2019 15:17:32 UTC] PHP Parse error:  syntax error, unexpected ';', expecting ',' or ')' in /app/public/wp-content/themes/unitheme/functions.php on line 131
[02-Aug-2019 15:17:38 UTC] PHP Parse error:  syntax error, unexpected ';', expecting ',' or ')' in /app/public/wp-content/themes/unitheme/functions.php on line 131
[02-Aug-2019 15:37:45 UTC] PHP Fatal error:  Uncaught Error: Call to undefined function ecs_url() in /app/public/wp-content/themes/unitheme/page-my-notes.php:3
Stack trace:
#0 /app/public/wp-includes/template-loader.php(78): include()
#1 /app/public/wp-blog-header.php(19): require_once('/app/public/wp-...')
#2 /app/public/index.php(17): require('/app/public/wp-...')
#3 {main}
  thrown in /app/public/wp-content/themes/unitheme/page-my-notes.php on line 3
[02-Aug-2019 15:40:49 UTC] PHP Parse error:  syntax error, unexpected '}', expecting end of file in /app/public/wp-content/mu-plugins/university-post-types.php on line 87
[02-Aug-2019 15:40:49 UTC] PHP Parse error:  syntax error, unexpected '}', expecting end of file in /app/public/wp-content/mu-plugins/university-post-types.php on line 87
[04-Aug-2019 18:35:22 UTC] PHP Fatal error:  Uncaught Error: Call to a member function add_rewrite_tag() on null in /app/public/wp-includes/rewrite.php:173
Stack trace:
#0 /app/public/wp-includes/class-wp-post-type.php(543): add_rewrite_tag('%like%', '([^/]+)', 'like=')
#1 /app/public/wp-includes/post.php(1360): WP_Post_Type->add_rewrite_rules()
#2 /app/public/wp-content/mu-plugins/university-post-types.php(97): register_post_type('like', Array)
#3 /app/public/wp-settings.php(293): include_once('/app/public/wp-...')
#4 /app/public/wp-config.php(76): require_once('/app/public/wp-...')
#5 /app/public/wp-load.php(37): require_once('/app/public/wp-...')
#6 /app/public/wp-admin/admin.php(34): require_once('/app/public/wp-...')
#7 /app/public/wp-admin/index.php(10): require_once('/app/public/wp-...')
#8 {main}
  thrown in /app/public/wp-includes/rewrite.php on line 173
[04-Aug-2019 19:05:28 UTC] PHP Parse error:  syntax error, unexpected ';', expecting ')' in /app/public/wp-content/themes/unitheme/single-professor.php on line 28
[05-Aug-2019 14:02:44 UTC] PHP Parse error:  syntax error, unexpected ')' in /app/public/wp-content/themes/unitheme/inc/like-route.php on line 25
[05-Aug-2019 14:04:44 UTC] PHP Parse error:  syntax error, unexpected ')' in /app/public/wp-content/themes/unitheme/inc/like-route.php on line 25
[05-Aug-2019 14:06:44 UTC] PHP Parse error:  syntax error, unexpected ')' in /app/public/wp-content/themes/unitheme/inc/like-route.php on line 25
[05-Aug-2019 14:08:44 UTC] PHP Parse error:  syntax error, unexpected ')' in /app/public/wp-content/themes/unitheme/inc/like-route.php on line 25
[05-Aug-2019 14:10:44 UTC] PHP Parse error:  syntax error, unexpected ')' in /app/public/wp-content/themes/unitheme/inc/like-route.php on line 25
[05-Aug-2019 14:12:01 UTC] PHP Parse error:  syntax error, unexpected ')' in /app/public/wp-content/themes/unitheme/inc/like-route.php on line 25
[05-Aug-2019 14:12:02 UTC] PHP Parse error:  syntax error, unexpected ')' in /app/public/wp-content/themes/unitheme/inc/like-route.php on line 25
[05-Aug-2019 14:12:04 UTC] PHP Parse error:  syntax error, unexpected ')' in /app/public/wp-content/themes/unitheme/inc/like-route.php on line 25
[05-Aug-2019 14:12:04 UTC] PHP Parse error:  syntax error, unexpected ')' in /app/public/wp-content/themes/unitheme/inc/like-route.php on line 25
[05-Aug-2019 14:12:04 UTC] PHP Parse error:  syntax error, unexpected ')' in /app/public/wp-content/themes/unitheme/inc/like-route.php on line 25
[05-Aug-2019 14:15:43 UTC] PHP Parse error:  syntax error, unexpected 'wp_insert_post' (T_STRING) in /app/public/wp-content/themes/unitheme/inc/like-route.php on line 21
[07-Aug-2019 17:57:52 UTC] PHP Parse error:  syntax error, unexpected '$relatedPrograms' (T_VARIABLE) in /app/public/wp-content/plugins/my-first-amazing-plugin/my-first-amazing-plugin.php on line 25
[07-Aug-2019 18:58:42 UTC] PHP Fatal error:  Maximum execution time of 1200 seconds exceeded in /app/public/wp-includes/class-wp-query.php on line 3287
[07-Aug-2019 18:59:12 UTC] PHP Fatal error:  Maximum execution time of 1200 seconds exceeded in /app/public/wp-content/plugins/my-first-amazing-plugin/my-first-amazing-plugin.php on line 29
[07-Aug-2019 18:59:16 UTC] PHP Fatal error:  Maximum execution time of 1200 seconds exceeded in /app/public/wp-includes/class-wp-query.php on line 3287
